<?xml version="1.0" encoding="UTF-8"?>
<!-- Generated by org.testng.reporters.JUnitXMLReporter -->
<testsuite ignored="0" hostname="ULTS-LAP512" failures="0" tests="4" name="Test" time="34.365" errors="0" timestamp="2021-06-26T17:51:43 IST">
  <testcase classname="InterviewTests.FugetronSruthi.AmazonTest" name="TestAmazon" time="30.96"/>
  <testcase classname="InterviewTests.FugetronSruthi.APITest" name="GetAPI" time="2.26"/>
  <testcase classname="InterviewTests.FugetronSruthi.APITest" name="PostAPI" time="1.01"/>
  <testcase classname="InterviewTests.FugetronSruthi.JDBCTest" name="JDBCsetUp" time="0.094"/>
</testsuite> <!-- Test -->
