<?xml version="1.0" encoding="UTF-8"?>
<!-- Generated by org.testng.reporters.JUnitXMLReporter -->
<testsuite ignored="1" hostname="ULTS-LAP512" failures="0" tests="2" name="Surefire test" time="6.888" errors="0" timestamp="2021-06-26T15:25:34 IST">
  <testcase classname="InterviewTests.FugetronSruthi.APITest" name="GetAPI" time="5.733"/>
  <testcase classname="InterviewTests.FugetronSruthi.APITest" name="PostAPI" time="1.099"/>
  <testcase classname="InterviewTests.FugetronSruthi.MakemytripTest" name="TestMakemytrip" time="0.0">
    <ignored/>
  </testcase> <!-- TestMakemytrip -->
</testsuite> <!-- Surefire test -->
