<?xml version="1.0" encoding="UTF-8"?>
<testng-results ignored="0" total="1" passed="1" failed="0" skipped="0">
  <reporter-output>
  </reporter-output>
  <suite started-at="2021-06-25T23:40:46 IST" name="Surefire suite" finished-at="2021-06-25T23:41:23 IST" duration-ms="37036">
    <groups>
    </groups>
    <test started-at="2021-06-25T23:40:46 IST" name="Surefire test" finished-at="2021-06-25T23:41:23 IST" duration-ms="37036">
      <class name="InterviewTests.FugetronSruthi.AppTest">
        <test-method signature="shouldAnswerWithTrue() throws java.lang.InterruptedException" started-at="2021-06-25T23:40:46 IST" name="shouldAnswerWithTrue" finished-at="2021-06-25T23:41:23 IST" duration-ms="36978" status="PASS">
          <reporter-output>
          </reporter-output>
        </test-method> <!-- shouldAnswerWithTrue -->
      </class> <!-- InterviewTests.FugetronSruthi.AppTest -->
    </test> <!-- Surefire test -->
  </suite> <!-- Surefire suite -->
</testng-results>
